<?xml version="1.0" encoding="UTF-8"?>
<!-- Generated by org.testng.reporters.JUnitXMLReporter -->
<testsuite ignored="0" hostname="MSI" failures="0" tests="1" name="Surefire test" time="0.102" errors="0" timestamp="2026-03-31T14:00:40 GMT+07:00">
  <testcase classname="SampleTest" name="@BeforeClass setup" time="0.047">
    <failure type="java.util.NoSuchElementException" message="No value present">
      <![CDATA[java.util.NoSuchElementException: No value present
at java.base/java.util.Optional.get(Optional.java:143)
at io.github.bonigarcia.wdm.WebDriverManager.<init>(WebDriverManager.java:225)
at io.github.bonigarcia.wdm.managers.ChromeDriverManager.<init>(ChromeDriverManager.java:51)
at io.github.bonigarcia.wdm.WebDriverManager.chromedriver(WebDriverManager.java:236)
at DriverFactory.createChromeDriver(DriverFactory.java:25)
at DriverFactory.createDriver(DriverFactory.java:12)
at SampleTest.setup(SampleTest.java:12)
at java.base/java.util.ArrayList.forEach(ArrayList.java:1597)
... Removed 28 stack frames]]>
    </failure>
  </testcase> <!-- @BeforeClass setup -->
  <testcase classname="SampleTest" name="@AfterClass teardown" time="0.0">
    <skipped/>
  </testcase> <!-- @AfterClass teardown -->
  <testcase classname="SampleTest" name="openGoogle" time="0.0">
    <skipped/>
  </testcase> <!-- openGoogle -->
</testsuite> <!-- Surefire test -->
