<?xml version="1.0" encoding="UTF-8"?>
<testng-results ignored="0" total="1" passed="1" failed="0" skipped="0">
  <reporter-output>
  </reporter-output>
  <suite started-at="2026-03-31T14:39:09 GMT+07:00" name="Surefire suite" finished-at="2026-03-31T14:39:24 GMT+07:00" duration-ms="14717">
    <groups>
    </groups>
    <test started-at="2026-03-31T14:39:09 GMT+07:00" name="Surefire test" finished-at="2026-03-31T14:39:24 GMT+07:00" duration-ms="14717">
      <class name="SampleTest">
        <test-method is-config="true" signature="setup()[pri:0, instance:SampleTest@1622f1b]" started-at="2026-03-31T14:39:09 GMT+07:00" name="setup" finished-at="2026-03-31T14:39:21 GMT+07:00" duration-ms="11966" status="PASS">
          <reporter-output>
          </reporter-output>
        </test-method> <!-- setup -->
        <test-method signature="openGoogle()[pri:0, instance:SampleTest@1622f1b]" started-at="2026-03-31T14:39:21 GMT+07:00" name="openGoogle" finished-at="2026-03-31T14:39:22 GMT+07:00" duration-ms="1353" status="PASS">
          <reporter-output>
          </reporter-output>
        </test-method> <!-- openGoogle -->
        <test-method is-config="true" signature="teardown()[pri:0, instance:SampleTest@1622f1b]" started-at="2026-03-31T14:39:23 GMT+07:00" name="teardown" finished-at="2026-03-31T14:39:24 GMT+07:00" duration-ms="1283" status="PASS">
          <reporter-output>
          </reporter-output>
        </test-method> <!-- teardown -->
      </class> <!-- SampleTest -->
    </test> <!-- Surefire test -->
  </suite> <!-- Surefire suite -->
</testng-results>
